<?xml version="1.0" encoding="UTF-8"?>
<testng-results ignored="0" total="4" passed="4" failed="0" skipped="0">
  <reporter-output>
  </reporter-output>
  <suite started-at="2023-08-24T19:40:39 IST" name="Default suite" finished-at="2023-08-24T19:40:48 IST" duration-ms="8721">
    <groups>
    </groups>
    <test started-at="2023-08-24T19:40:39 IST" name="Default test" finished-at="2023-08-24T19:40:48 IST" duration-ms="8721">
      <class name="api.test.UserTests">
        <test-method is-config="true" signature="setupData()[pri:0, instance:api.test.UserTests@6574a52c]" started-at="2023-08-24T19:40:39 IST" name="setupData" finished-at="2023-08-24T19:40:40 IST" duration-ms="312" status="PASS">
          <reporter-output>
          </reporter-output>
        </test-method> <!-- setupData -->
        <test-method signature="testpostuser()[pri:1, instance:api.test.UserTests@6574a52c]" started-at="2023-08-24T19:40:40 IST" name="testpostuser" finished-at="2023-08-24T19:40:43 IST" duration-ms="3659" status="PASS">
          <reporter-output>
          </reporter-output>
        </test-method> <!-- testpostuser -->
        <test-method signature="testreaduser()[pri:2, instance:api.test.UserTests@6574a52c]" started-at="2023-08-24T19:40:43 IST" name="testreaduser" finished-at="2023-08-24T19:40:45 IST" duration-ms="1782" status="PASS">
          <reporter-output>
          </reporter-output>
        </test-method> <!-- testreaduser -->
        <test-method signature="testupdateuser()[pri:3, instance:api.test.UserTests@6574a52c]" started-at="2023-08-24T19:40:45 IST" name="testupdateuser" finished-at="2023-08-24T19:40:47 IST" duration-ms="1519" status="PASS">
          <reporter-output>
          </reporter-output>
        </test-method> <!-- testupdateuser -->
        <test-method signature="testdeleteuser()[pri:4, instance:api.test.UserTests@6574a52c]" started-at="2023-08-24T19:40:47 IST" name="testdeleteuser" finished-at="2023-08-24T19:40:48 IST" duration-ms="1401" status="PASS">
          <reporter-output>
          </reporter-output>
        </test-method> <!-- testdeleteuser -->
      </class> <!-- api.test.UserTests -->
    </test> <!-- Default test -->
  </suite> <!-- Default suite -->
</testng-results>
