<?xml version="1.0" encoding="UTF-8"?>
<!-- Generated by org.testng.reporters.JUnitXMLReporter -->
<testsuite ignored="0" hostname="Sooraj" failures="0" tests="4" name="Default test" time="8.721" errors="0" timestamp="2023-08-24T19:40:48 IST">
  <testcase classname="api.test.UserTests" name="testpostuser" time="3.659"/>
  <testcase classname="api.test.UserTests" name="testreaduser" time="1.782"/>
  <testcase classname="api.test.UserTests" name="testupdateuser" time="1.519"/>
  <testcase classname="api.test.UserTests" name="testdeleteuser" time="1.401"/>
</testsuite> <!-- Default test -->
